+m:16 	Bytes	| client
+m:8 	Bytes	| last_time
+m:40 	Bytes	| time_lock
+m:80 	Bytes	| token
+m:16 	Bytes	| client
+m:8 	Bytes	| last_time
+m:40 	Bytes	| time_lock
+m:80 	Bytes	| token
+m:16 	Bytes	| client
+m:8 	Bytes	| last_time
+m:40 	Bytes	| time_lock
+m:80 	Bytes	| token
+m:16 	Bytes	| client
-m:16 	Bytes	| token->client
-m:40 	Bytes	| token->time_lock
-m:8 	Bytes	| token->last_time
-m:80 	Bytes	| token
-m:16 	Bytes	| token->client
-m:40 	Bytes	| token->time_lock
-m:8 	Bytes	| token->last_time
-m:80 	Bytes	| token
-m:16 	Bytes	| token->client
-m:40 	Bytes	| token->time_lock
-m:8 	Bytes	| token->last_time
-m:80 	Bytes	| token
